== PRECHECK ==
PostgreSQL stop info: O serviço 'postgresql-x64-15 (postgresql-x64-15)' não pode ser interrompido devido ao seguinte erro: Não é possível abrir o serviço postgresql-x64-15 no computador '.'.
Stopped local node processes (if any).
== DOCKER INFO ==
Client:
 Version:           29.3.1
 API version:       1.54
 Go version:        go1.25.8
 Git commit:        c2be9cc
 Built:             Wed Mar 25 16:16:33 2026
 OS/Arch:           windows/amd64
 Context:           desktop-linux
docker : request returned 500 Internal Server Error for API route and version 
http://%2F%2F.%2Fpipe%2FdockerDesktopLinuxEngine/v1.54/version, check if the 
server supports the requested API version
No linha:1 caractere:881
+ ... le -FilePath $log -Append -Encoding utf8; docker version 2>&1 | Out-F ...
+                                               ~~~~~~~~~~~~~~~~~~~
    + CategoryInfo          : NotSpecified: (request returne...ted API version 
   :String) [], RemoteException
    + FullyQualifiedErrorId : NativeCommandError
 
== COMPOSE UP ==
docker : time="2026-04-01T01:48:52-03:00" level=warning 
msg="C:\\Users\\Lucas\\Documents\\Rep\\01\\UniDECK\\docker-compose.yml: the 
attribute `version` is obsolete, it will be ignored, please remove it to avoid 
potential confusion"
No linha:1 caractere:1020
+ ... lePath $log -Append -Encoding utf8; docker compose up -d 2>&1 | Out-F ...
+                                         ~~~~~~~~~~~~~~~~~~~~~~~~~
    + CategoryInfo          : NotSpecified: (time="2026-04-0...tial confusion" 
   :String) [], RemoteException
    + FullyQualifiedErrorId : NativeCommandError
 
unable to get image 'postgres:15-alpine': request returned 500 Internal Server 
Error for API route and version http://%2F%2F.%2Fpipe%2FdockerDesktopLinuxEngin
e/v1.53/images/postgres:15-alpine/json, check if the server supports the 
requested API version
== COMPOSE PS ==
docker : time="2026-04-01T01:49:24-03:00" level=warning 
msg="C:\\Users\\Lucas\\Documents\\Rep\\01\\UniDECK\\docker-compose.yml: the 
attribute `version` is obsolete, it will be ignored, please remove it to avoid 
potential confusion"
No linha:1 caractere:1165
+ ... -FilePath $log -Append -Encoding utf8; docker compose ps 2>&1 | Out-F ...
+                                            ~~~~~~~~~~~~~~~~~~~~~~
    + CategoryInfo          : NotSpecified: (time="2026-04-0...tial confusion" 
   :String) [], RemoteException
    + FullyQualifiedErrorId : NativeCommandError
 
request returned 500 Internal Server Error for API route and version http://%2F
%2F.%2Fpipe%2FdockerDesktopLinuxEngine/v1.53/containers/json?filters=%7B%22labe
l%22%3A%7B%22com.docker.compose.config-hash%22%3Atrue%2C%22com.docker.compose.o
neoff%3DFalse%22%3Atrue%2C%22com.docker.compose.project%3Dunideck%22%3Atrue%7D%
7D, check if the server supports the requested API version
== PORTS ==


ComputerName     : localhost
RemotePort       : 3000
TcpTestSucceeded : False





ComputerName     : localhost
RemotePort       : 3001
TcpTestSucceeded : False





ComputerName     : localhost
RemotePort       : 5432
TcpTestSucceeded : True



